<?xml version="1.0" encoding="UTF-8"?>
<!-- Generated by org.testng.reporters.JUnitXMLReporter -->
<testsuite hostname="DESKTOP-9FS0TQS" name="Test" tests="3" failures="0" timestamp="17 Nov 2021 13:31:41 GMT" time="241.833" errors="0">
  <testcase name="accountCreation" time="36.589" classname="test.TC_001_AccountCreation"/>
  <testcase name="login" time="27.84" classname="test.TC_002_LogIn"/>
  <testcase name="addCart" time="126.052" classname="test.TC_003_AddToCart"/>
</testsuite> <!-- Test -->
