<?xml version="1.0" encoding="UTF-8"?>
<!-- Generated by org.testng.reporters.JUnitXMLReporter -->
<testsuite hostname="DESKTOP-9FS0TQS" name="Test" tests="4" failures="0" timestamp="13 Dec 2021 11:46:34 GMT" time="180.128" errors="0">
  <testcase name="accountCreation" time="16.225" classname="test.TC_001_AccountCreation"/>
  <testcase name="login" time="16.113" classname="test.TC_002_LogIn"/>
  <testcase name="addCart" time="57.324" classname="test.TC_003_PurchaseProduct"/>
  <testcase name="urlTest" time="36.385" classname="test.TC_004_URLTest"/>
</testsuite> <!-- Test -->
